[debug] [2026-01-07T10:34:25.314Z] ----------------------------------------------------------------------
[debug] [2026-01-07T10:34:25.318Z] Command:       C:\Program Files\nodejs\node.exe C:\Users\ashar\AppData\Roaming\npm\node_modules\firebase-tools\lib\bin\firebase.js deploy
[debug] [2026-01-07T10:34:25.319Z] CLI Version:   14.11.1
[debug] [2026-01-07T10:34:25.319Z] Platform:      win32
[debug] [2026-01-07T10:34:25.319Z] Node Version:  v22.17.1
[debug] [2026-01-07T10:34:25.319Z] Time:          Wed Jan 07 2026 15:34:25 GMT+0500 (Pakistan Standard Time)
[debug] [2026-01-07T10:34:25.319Z] ----------------------------------------------------------------------
[debug] 
[debug] [2026-01-07T10:34:25.322Z] >>> [apiv2][query] GET https://firebase-public.firebaseio.com/cli.json [none]
[debug] [2026-01-07T10:34:25.630Z] > command requires scopes: ["email","openid","https://www.googleapis.com/auth/cloudplatformprojects.readonly","https://www.googleapis.com/auth/firebase","https://www.googleapis.com/auth/cloud-platform"]
[debug] [2026-01-07T10:34:25.631Z] > authorizing via signed-in user (aliahmedqureshi8899@gmail.com)
[debug] [2026-01-07T10:34:25.631Z] [iam] checking project asaan-qarz for permissions ["firebase.projects.get","firebasehosting.sites.update"]
[debug] [2026-01-07T10:34:25.632Z] Checked if tokens are valid: false, expires at: 1767622080969
[debug] [2026-01-07T10:34:25.632Z] Checked if tokens are valid: false, expires at: 1767622080969
[debug] [2026-01-07T10:34:25.632Z] > refreshing access token with scopes: []
[debug] [2026-01-07T10:34:25.634Z] >>> [apiv2][query] POST https://www.googleapis.com/oauth2/v3/token [none]
[debug] [2026-01-07T10:34:25.634Z] >>> [apiv2][body] POST https://www.googleapis.com/oauth2/v3/token [omitted]
[debug] [2026-01-07T10:34:26.245Z] <<< [apiv2][status] POST https://www.googleapis.com/oauth2/v3/token 200
[debug] [2026-01-07T10:34:26.245Z] <<< [apiv2][body] POST https://www.googleapis.com/oauth2/v3/token [omitted]
[debug] [2026-01-07T10:34:26.266Z] >>> [apiv2][query] POST https://cloudresourcemanager.googleapis.com/v1/projects/asaan-qarz:testIamPermissions [none]
[debug] [2026-01-07T10:34:26.267Z] >>> [apiv2][(partial)header] POST https://cloudresourcemanager.googleapis.com/v1/projects/asaan-qarz:testIamPermissions x-goog-quota-user=projects/asaan-qarz
[debug] [2026-01-07T10:34:26.267Z] >>> [apiv2][body] POST https://cloudresourcemanager.googleapis.com/v1/projects/asaan-qarz:testIamPermissions {"permissions":["firebase.projects.get","firebasehosting.sites.update"]}
[debug] [2026-01-07T10:34:26.367Z] <<< [apiv2][status] GET https://firebase-public.firebaseio.com/cli.json 200
[debug] [2026-01-07T10:34:26.367Z] <<< [apiv2][body] GET https://firebase-public.firebaseio.com/cli.json {"cloudBuildErrorAfter":1594252800000,"cloudBuildWarnAfter":1590019200000,"defaultNode10After":1594252800000,"minVersion":"3.0.5","node8DeploysDisabledAfter":1613390400000,"node8RuntimeDisabledAfter":1615809600000,"node8WarnAfter":1600128000000}
[debug] [2026-01-07T10:34:28.900Z] <<< [apiv2][status] POST https://cloudresourcemanager.googleapis.com/v1/projects/asaan-qarz:testIamPermissions 200
[debug] [2026-01-07T10:34:28.900Z] <<< [apiv2][body] POST https://cloudresourcemanager.googleapis.com/v1/projects/asaan-qarz:testIamPermissions {}
[debug] [2026-01-07T10:34:28.901Z] [iam] error while checking permissions, command may fail: Authorization failed. This account is missing the following required permissions on project asaan-qarz:

  firebase.projects.get
  firebasehosting.sites.update
[debug] [2026-01-07T10:34:28.902Z] Checked if tokens are valid: true, expires at: 1767785665245
[debug] [2026-01-07T10:34:28.903Z] Checked if tokens are valid: true, expires at: 1767785665245
[debug] [2026-01-07T10:34:28.904Z] >>> [apiv2][query] GET https://firebase.googleapis.com/v1beta1/projects/asaan-qarz [none]
[debug] [2026-01-07T10:34:29.936Z] <<< [apiv2][status] GET https://firebase.googleapis.com/v1beta1/projects/asaan-qarz 403
[debug] [2026-01-07T10:34:29.936Z] <<< [apiv2][body] GET https://firebase.googleapis.com/v1beta1/projects/asaan-qarz {"error":{"code":403,"message":"The caller does not have permission","status":"PERMISSION_DENIED"}}
[debug] [2026-01-07T10:34:29.937Z] Request to https://firebase.googleapis.com/v1beta1/projects/asaan-qarz had HTTP Error: 403, The caller does not have permission
[debug] [2026-01-07T10:34:30.519Z] FirebaseError: Request to https://firebase.googleapis.com/v1beta1/projects/asaan-qarz had HTTP Error: 403, The caller does not have permission
    at responseToError (C:\Users\ashar\AppData\Roaming\npm\node_modules\firebase-tools\lib\responseToError.js:52:12)
    at RetryOperation._fn (C:\Users\ashar\AppData\Roaming\npm\node_modules\firebase-tools\lib\apiv2.js:312:77)
    at process.processTicksAndRejections (node:internal/process/task_queues:105:5)
[error] 
[error] Error: Failed to get Firebase project asaan-qarz. Please make sure the project exists and your account has permission to access it.
